<?xml version="1.0" encoding="UTF-8"?>
<!-- Generated by org.testng.reporters.JUnitReportReporter -->
<testsuite hostname="LAPTOP-9M8799I0" failures="0" tests="3" name="pages.NewTest" time="0.013" errors="0" timestamp="2021-08-12T17:30:46 EDT" skipped="0">
  <testcase classname="pages.NewTest" name="f6666" time="0.004"/>
  <system-out/>
  <testcase classname="pages.NewTest" name="f6" time="0.004"/>
  <system-out/>
  <testcase classname="pages.NewTest" name="f" time="0.005"/>
  <system-out/>
</testsuite> <!-- pages.NewTest -->
