<?xml version="1.0" encoding="UTF-8"?>
<!-- Generated by org.testng.reporters.JUnitReportReporter -->
<testsuite hostname="LAPTOP-9M8799I0" failures="0" tests="3" name="Protrainingtech.Automation.Home" time="0.013" errors="0" timestamp="2021-08-05T15:19:25 EDT" skipped="0">
  <testcase classname="Protrainingtech.Automation.Home" name="f8888888" time="0.006"/>
  <system-out/>
  <testcase classname="Protrainingtech.Automation.Home" name="f6" time="0.002"/>
  <system-out/>
  <testcase classname="Protrainingtech.Automation.Home" name="f" time="0.005"/>
  <system-out/>
</testsuite> <!-- Protrainingtech.Automation.Home -->
